2015-10-06 20:06:17,297 - __main__ - INFO - Processing: /Users/jlaura/Documents/Apollo17_Metric/AS17-M-0181_SML.png
2015-10-06 20:06:54,546 - __main__ - INFO - Processing: /Users/jlaura/Documents/Apollo17_Metric/AS17-M-0181_SML.png
2015-10-06 20:06:54,546 - __main__ - INFO - Processing: /Users/jlaura/Documents/Apollo17_Metric/AS17-M-0182_SML.png
2015-10-06 20:13:36,598 - __main__ - INFO - Processing: /Users/jlaura/Documents/Apollo17_Metric/AS17-M-0181_SML.png
2015-10-06 20:13:36,598 - __main__ - INFO - Processing: /Users/jlaura/Documents/Apollo17_Metric/AS17-M-0182_SML.png
2015-10-06 20:13:38,219 - __main__ - INFO - img1: 7441 features img2: 6070 features
2015-10-06 20:14:17,559 - __main__ - INFO - Processing: /Users/jlaura/Documents/Apollo17_Metric/AS17-M-0181_SML.png
2015-10-06 20:14:17,559 - __main__ - INFO - Processing: /Users/jlaura/Documents/Apollo17_Metric/AS17-M-0182_SML.png
2015-10-06 20:14:18,958 - __main__ - INFO - img1: 7441 features img2: 6070 features
2015-10-06 20:15:12,717 - __main__ - INFO - Processing: /Users/jlaura/Documents/Apollo17_Metric/AS17-M-0181_SML.png
2015-10-06 20:15:12,717 - __main__ - INFO - Processing: /Users/jlaura/Documents/Apollo17_Metric/AS17-M-0182_SML.png
2015-10-06 20:15:14,119 - __main__ - INFO - img1: 7441 features img2: 6070 features
2015-10-06 20:15:24,999 - __main__ - INFO - Processing: /Users/jlaura/Documents/Apollo17_Metric/AS17-M-0181_SML.png
2015-10-06 20:15:24,999 - __main__ - INFO - Processing: /Users/jlaura/Documents/Apollo17_Metric/AS17-M-0182_SML.png
2015-10-06 20:15:26,396 - __main__ - INFO - img1: 7441 features img2: 6070 features
2015-10-06 20:17:13,605 - __main__ - INFO - Processing: /Users/jlaura/Documents/Apollo17_Metric/AS17-M-0181_SML.png
2015-10-06 20:17:13,605 - __main__ - INFO - Processing: /Users/jlaura/Documents/Apollo17_Metric/AS17-M-0182_SML.png
2015-10-06 20:17:15,072 - __main__ - INFO - img1: 7441 features img2: 6070 features
2015-10-09 08:30:18,934 - __main__ - INFO - Processing: /Users/jlaura/Documents/Apollo17_Metric/AS17-M-0181_SML.png
2015-10-09 08:30:18,934 - __main__ - INFO - Processing: /Users/jlaura/Documents/Apollo17_Metric/AS17-M-0182_SML.png
2015-10-09 08:30:20,357 - __main__ - INFO - img1: 7441 features img2: 6070 features
2015-10-09 08:51:12,560 - __main__ - INFO - Processing: /Users/jlaura/Documents/Apollo17_Metric/AS17-M-0181_SML.png
2015-10-09 08:51:12,561 - __main__ - INFO - Processing: /Users/jlaura/Documents/Apollo17_Metric/AS17-M-0182_SML.png
2015-10-09 08:53:16,970 - __main__ - INFO - Processing: /Users/jlaura/AS15-M-0281_SML.png,
2015-10-09 08:53:16,970 - __main__ - INFO - Processing: /Users/jlaura/AS15-M-0281_SML.png
2015-10-09 08:56:21,019 - __main__ - INFO - Processing: /Users/jlaura/AS15-M-0281_SML.png,
2015-10-09 08:56:21,019 - __main__ - INFO - Processing: /Users/jlaura/AS15-M-0281_SML.png
2015-10-09 09:00:53,877 - __main__ - INFO - Processing: /Users/jlaura/AS15-M-0281_SML.png,
2015-10-09 09:00:53,877 - __main__ - INFO - Processing: /Users/jlaura/AS15-M-0281_SML.png
2015-10-09 09:06:31,863 - __main__ - INFO - Processing: /Users/jlaura/AS15-M-0281_SML.png,
2015-10-09 09:06:31,863 - __main__ - INFO - Processing: /Users/jlaura/AS15-M-0281_SML.png
2015-10-09 09:07:00,032 - __main__ - INFO - Processing: /Users/jlaura/AS15-M-0281_SML.png
2015-10-09 09:07:00,032 - __main__ - INFO - Processing: /Users/jlaura/AS15-M-0281_SML.png
2015-10-09 09:07:00,738 - __main__ - INFO - img1: 250 features img2: 250 features
2015-10-09 09:07:00,744 - __main__ - INFO - 250 / 250 inliers / matched
2015-10-09 09:07:00,744 - __main__ - INFO - 250 / 250 inliers / matched
2015-10-09 09:11:46,629 - __main__ - INFO - Processing: /Users/jlaura/AS15-M-0281_SML.png
2015-10-09 09:11:46,629 - __main__ - INFO - Processing: /Users/jlaura/AS15-M-0281_SML.png
2015-10-09 09:11:47,330 - __main__ - INFO - img1: 250 features img2: 250 features
2015-10-09 09:11:47,336 - __main__ - INFO - 250 / 250 inliers / matched
2015-10-09 09:11:47,336 - __main__ - INFO - 250 / 250 inliers / matched
2015-10-09 09:12:59,080 - __main__ - INFO - Processing: /Users/jlaura/AS15-M-0281_SML.png
2015-10-09 09:12:59,081 - __main__ - INFO - Processing: /Users/jlaura/AS15-M-0281_SML.png
2015-10-09 09:12:59,794 - __main__ - INFO - img1: 250 features img2: 250 features
2015-10-09 09:12:59,801 - __main__ - INFO - 250 / 250 inliers / matched
2015-10-09 09:12:59,802 - __main__ - INFO - 250 / 250 inliers / matched
2015-10-09 09:15:03,360 - __main__ - INFO - Processing: /Users/jlaura/AS15-M-0281_SML.png
2015-10-09 09:15:03,361 - __main__ - INFO - Processing: /Users/jlaura/AS15-M-0281_SML.png
2015-10-09 09:15:04,063 - __main__ - INFO - img1: 250 features img2: 250 features
2015-10-09 09:15:04,069 - __main__ - INFO - 250 / 250 inliers / matched
2015-10-09 09:15:04,069 - __main__ - INFO - 250 / 250 inliers / matched
2015-10-09 09:15:53,615 - __main__ - INFO - Processing: /Users/jlaura/AS15-M-0281_SML.png
2015-10-09 09:15:53,615 - __main__ - INFO - Processing: /Users/jlaura/AS15-M-0281_SML.png
2015-10-09 09:15:54,335 - __main__ - INFO - img1: 250 features img2: 250 features
2015-10-09 09:15:54,341 - __main__ - INFO - 250 / 250 inliers / matched
2015-10-09 09:15:54,341 - __main__ - INFO - 250 / 250 inliers / matched
2015-10-09 09:38:19,610 - __main__ - INFO - Processing: /Users/jlaura/AS15-M-0281_SML.png
2015-10-09 09:38:19,610 - __main__ - INFO - Processing: /Users/jlaura/AS15-M-0281_SML.png
2015-10-09 09:38:20,350 - __main__ - INFO - img1: 250 features img2: 250 features
2015-10-09 09:38:20,356 - __main__ - INFO - 250 / 250 inliers / matched
2015-10-09 09:38:20,356 - __main__ - INFO - 250 / 250 inliers / matched
2015-10-13 09:45:43,810 - __main__ - INFO - Processing: /Users/jlaura/AS15-M-0294_SML.png
2015-10-13 09:45:43,810 - __main__ - INFO - Processing: /Users/jlaura/AS15-M-0295_SML.png
2015-10-13 09:47:49,737 - __main__ - INFO - Processing: /Users/jlaura/AS15-M-0294_SML.png
2015-10-13 09:47:49,737 - __main__ - INFO - Processing: /Users/jlaura/AS15-M-0295_SML.png
2015-10-13 09:47:50,136 - __main__ - INFO - img1: 400 features img2: 400 features
2015-10-13 09:47:50,141 - __main__ - INFO - 122 / 146 inliers / matched
2015-10-13 09:47:50,141 - __main__ - INFO - 122 / 146 inliers / matched
